{"C:\\Users\\sther\\Desktop\\desafio_7\\src\\server.ts": {"path":"C:\\Users\\sther\\Desktop\\desafio_7\\src\\server.ts","all":false,"statementMap":{"0":{"start":{"line":1,"column":0},"end":{"line":1,"column":30}},"1":{"start":{"line":2,"column":0},"end":{"line":2,"column":66}},"2":{"start":{"line":3,"column":0},"end":{"line":3,"column":22}},"3":{"start":{"line":4,"column":0},"end":{"line":4,"column":24}},"4":{"start":{"line":5,"column":0},"end":{"line":5,"column":0}},"5":{"start":{"line":6,"column":0},"end":{"line":6,"column":30}},"6":{"start":{"line":7,"column":0},"end":{"line":7,"column":0}},"7":{"start":{"line":8,"column":0},"end":{"line":8,"column":24}},"8":{"start":{"line":9,"column":0},"end":{"line":9,"column":33}},"9":{"start":{"line":10,"column":0},"end":{"line":10,"column":3}},"10":{"start":{"line":11,"column":0},"end":{"line":11,"column":0}},"11":{"start":{"line":12,"column":0},"end":{"line":12,"column":19}}},"s":{"0":1,"1":1,"2":1,"3":1,"4":1,"5":1,"6":1,"7":1,"8":1,"9":1,"10":1,"11":1},"branchMap":{"0":{"type":"branch","line":8,"loc":{"start":{"line":8,"column":17},"end":{"line":10,"column":2}},"locations":[{"start":{"line":8,"column":17},"end":{"line":10,"column":2}}]}},"b":{"0":[1]},"fnMap":{},"f":{}}
,"C:\\Users\\sther\\Desktop\\desafio_7\\src\\config\\knex.ts": {"path":"C:\\Users\\sther\\Desktop\\desafio_7\\src\\config\\knex.ts","all":false,"statementMap":{"0":{"start":{"line":1,"column":0},"end":{"line":1,"column":33}},"1":{"start":{"line":2,"column":0},"end":{"line":2,"column":16}},"2":{"start":{"line":3,"column":0},"end":{"line":3,"column":0}},"3":{"start":{"line":4,"column":0},"end":{"line":4,"column":16}},"4":{"start":{"line":5,"column":0},"end":{"line":5,"column":19}},"5":{"start":{"line":6,"column":0},"end":{"line":6,"column":15}},"6":{"start":{"line":7,"column":0},"end":{"line":7,"column":32}},"7":{"start":{"line":8,"column":0},"end":{"line":8,"column":40}},"8":{"start":{"line":9,"column":0},"end":{"line":9,"column":32}},"9":{"start":{"line":10,"column":0},"end":{"line":10,"column":40}},"10":{"start":{"line":11,"column":0},"end":{"line":11,"column":38}},"11":{"start":{"line":12,"column":0},"end":{"line":12,"column":6}},"12":{"start":{"line":13,"column":0},"end":{"line":13,"column":4}}},"s":{"0":1,"1":1,"2":1,"3":1,"4":1,"5":1,"6":1,"7":1,"8":1,"9":1,"10":1,"11":1,"12":1},"branchMap":{},"b":{},"fnMap":{},"f":{}}
,"C:\\Users\\sther\\Desktop\\desafio_7\\src\\module\\aluno\\aluno.model.ts": {"path":"C:\\Users\\sther\\Desktop\\desafio_7\\src\\module\\aluno\\aluno.model.ts","all":false,"statementMap":{"0":{"start":{"line":1,"column":0},"end":{"line":1,"column":38}},"1":{"start":{"line":2,"column":0},"end":{"line":2,"column":46}},"2":{"start":{"line":3,"column":0},"end":{"line":3,"column":0}},"3":{"start":{"line":4,"column":0},"end":{"line":4,"column":58}},"4":{"start":{"line":5,"column":0},"end":{"line":5,"column":32}},"5":{"start":{"line":6,"column":0},"end":{"line":6,"column":2}},"6":{"start":{"line":7,"column":0},"end":{"line":7,"column":0}},"7":{"start":{"line":8,"column":0},"end":{"line":8,"column":53}},"8":{"start":{"line":9,"column":0},"end":{"line":9,"column":38}},"9":{"start":{"line":10,"column":0},"end":{"line":10,"column":2}}},"s":{"0":1,"1":1,"2":1,"3":1,"4":1,"5":1,"6":1,"7":1,"8":1,"9":1},"branchMap":{"0":{"type":"branch","line":4,"loc":{"start":{"line":4,"column":22},"end":{"line":6,"column":2}},"locations":[{"start":{"line":4,"column":22},"end":{"line":6,"column":2}}]},"1":{"type":"branch","line":4,"loc":{"start":{"line":4,"column":22},"end":{"line":6,"column":2}},"locations":[{"start":{"line":4,"column":22},"end":{"line":6,"column":2}}]},"2":{"type":"branch","line":8,"loc":{"start":{"line":8,"column":21},"end":{"line":10,"column":2}},"locations":[{"start":{"line":8,"column":21},"end":{"line":10,"column":2}}]},"3":{"type":"branch","line":8,"loc":{"start":{"line":8,"column":47},"end":{"line":10,"column":2}},"locations":[{"start":{"line":8,"column":47},"end":{"line":10,"column":2}}]}},"b":{"0":[1],"1":[1],"2":[1],"3":[1]},"fnMap":{"0":{"name":"getAll","decl":{"start":{"line":4,"column":22},"end":{"line":6,"column":2}},"loc":{"start":{"line":4,"column":22},"end":{"line":6,"column":2}},"line":4},"1":{"name":"store","decl":{"start":{"line":8,"column":21},"end":{"line":10,"column":2}},"loc":{"start":{"line":8,"column":21},"end":{"line":10,"column":2}},"line":8}},"f":{"0":1,"1":1}}
,"C:\\Users\\sther\\Desktop\\desafio_7\\src\\module\\aluno\\aluno.route.ts": {"path":"C:\\Users\\sther\\Desktop\\desafio_7\\src\\module\\aluno\\aluno.route.ts","all":false,"statementMap":{"0":{"start":{"line":1,"column":0},"end":{"line":1,"column":49}},"1":{"start":{"line":2,"column":0},"end":{"line":2,"column":35}},"2":{"start":{"line":3,"column":0},"end":{"line":3,"column":44}},"3":{"start":{"line":4,"column":0},"end":{"line":4,"column":0}},"4":{"start":{"line":5,"column":0},"end":{"line":5,"column":39}},"5":{"start":{"line":6,"column":0},"end":{"line":6,"column":0}},"6":{"start":{"line":7,"column":0},"end":{"line":7,"column":54}},"7":{"start":{"line":8,"column":0},"end":{"line":8,"column":41}},"8":{"start":{"line":9,"column":0},"end":{"line":9,"column":40}},"9":{"start":{"line":10,"column":0},"end":{"line":10,"column":3}},"10":{"start":{"line":11,"column":0},"end":{"line":11,"column":0}},"11":{"start":{"line":12,"column":0},"end":{"line":12,"column":57}},"12":{"start":{"line":13,"column":0},"end":{"line":13,"column":48}},"13":{"start":{"line":14,"column":0},"end":{"line":14,"column":40}},"14":{"start":{"line":15,"column":0},"end":{"line":15,"column":3}},"15":{"start":{"line":16,"column":0},"end":{"line":16,"column":0}},"16":{"start":{"line":17,"column":0},"end":{"line":17,"column":22}}},"s":{"0":1,"1":1,"2":1,"3":1,"4":1,"5":1,"6":1,"7":1,"8":1,"9":1,"10":1,"11":1,"12":1,"13":1,"14":1,"15":1,"16":1},"branchMap":{"0":{"type":"branch","line":7,"loc":{"start":{"line":7,"column":16},"end":{"line":10,"column":2}},"locations":[{"start":{"line":7,"column":16},"end":{"line":10,"column":2}}]},"1":{"type":"branch","line":7,"loc":{"start":{"line":7,"column":48},"end":{"line":10,"column":2}},"locations":[{"start":{"line":7,"column":48},"end":{"line":10,"column":2}}]},"2":{"type":"branch","line":8,"loc":{"start":{"line":8,"column":15},"end":{"line":8,"column":41}},"locations":[{"start":{"line":8,"column":15},"end":{"line":8,"column":41}}]},"3":{"type":"branch","line":12,"loc":{"start":{"line":12,"column":17},"end":{"line":15,"column":2}},"locations":[{"start":{"line":12,"column":17},"end":{"line":15,"column":2}}]},"4":{"type":"branch","line":12,"loc":{"start":{"line":12,"column":51},"end":{"line":15,"column":2}},"locations":[{"start":{"line":12,"column":51},"end":{"line":15,"column":2}}]},"5":{"type":"branch","line":13,"loc":{"start":{"line":13,"column":15},"end":{"line":13,"column":48}},"locations":[{"start":{"line":13,"column":15},"end":{"line":13,"column":48}}]}},"b":{"0":[1],"1":[1],"2":[1],"3":[1],"4":[1],"5":[1]},"fnMap":{},"f":{}}
,"C:\\Users\\sther\\Desktop\\desafio_7\\src\\service\\knex.ts": {"path":"C:\\Users\\sther\\Desktop\\desafio_7\\src\\service\\knex.ts","all":false,"statementMap":{"0":{"start":{"line":1,"column":0},"end":{"line":1,"column":24}},"1":{"start":{"line":2,"column":0},"end":{"line":2,"column":40}},"2":{"start":{"line":3,"column":0},"end":{"line":3,"column":0}},"3":{"start":{"line":4,"column":0},"end":{"line":4,"column":14}},"4":{"start":{"line":5,"column":0},"end":{"line":5,"column":0}},"5":{"start":{"line":6,"column":0},"end":{"line":6,"column":21}},"6":{"start":{"line":7,"column":0},"end":{"line":7,"column":13}},"7":{"start":{"line":8,"column":0},"end":{"line":8,"column":16}},"8":{"start":{"line":9,"column":0},"end":{"line":9,"column":3}},"9":{"start":{"line":10,"column":0},"end":{"line":10,"column":0}},"10":{"start":{"line":11,"column":0},"end":{"line":11,"column":26}},"11":{"start":{"line":12,"column":0},"end":{"line":12,"column":14}},"12":{"start":{"line":13,"column":0},"end":{"line":13,"column":1}},"13":{"start":{"line":14,"column":0},"end":{"line":14,"column":0}},"14":{"start":{"line":15,"column":0},"end":{"line":15,"column":26}}},"s":{"0":1,"1":1,"2":1,"3":1,"4":1,"5":1,"6":1,"7":0,"8":0,"9":1,"10":1,"11":1,"12":1,"13":1,"14":1},"branchMap":{"0":{"type":"branch","line":6,"loc":{"start":{"line":6,"column":0},"end":{"line":13,"column":1}},"locations":[{"start":{"line":6,"column":0},"end":{"line":13,"column":1}}]},"1":{"type":"branch","line":7,"loc":{"start":{"line":7,"column":12},"end":{"line":9,"column":3}},"locations":[{"start":{"line":7,"column":12},"end":{"line":9,"column":3}}]}},"b":{"0":[1],"1":[0]},"fnMap":{"0":{"name":"conectar","decl":{"start":{"line":6,"column":0},"end":{"line":13,"column":1}},"loc":{"start":{"line":6,"column":0},"end":{"line":13,"column":1}},"line":6}},"f":{"0":1}}
}
